Os05t0233100-00
Os08t0519100-02
TA51340_4530
CI034367
Os01t0949500-02
Os07t0517100-02
CI168040
Os01t0963000-03
Os01t0963000-02
Os08t0404500-02
Os09t0522200-01
BI797918
CI424131
TA69868_4530
CI419915
NM_001065368
CR290649
Os04t0451450-00
Os02t0653900-01
Os10t0539300-00
TC521972
AU057193
TC508533
TC502614
CI531727
AU173072
AU173896
CI177257
CI357777
CI423152
NM_001069506
AU096598
CI218317
TC498063
Os02t0677300-01
Os10t0324500-00
TA50282_4530
Os01t0952900-01
NM_001185662
TC542006
Os12t0592900-01
TC489123
Os12t0186600-02
Os05t0134700-01
AU096560
AB206814
CI544959
Os01t0554100-03
BI797390
Os10t0416500-03
Os02t0532900-02
AK068969
