AU100823
D16507
Os05t0550600-01
Os05t0550600-02
Os01t0822900-02
CB096285
TA64055_4530
Os02t0816200-02
CI457543
Os02t0308400-04
TC490425
Os01t0573700-00
CI342796
Os01t0710800-01
CF315611
Os07t0589466-00
NM_001065364
Os02t0308400-02
TA61778_4530
Os02t0308400-03
TC491882
CI221821
CI143867
CI094474
Os07t0640900-01
Os06t0513781-01
Os12t0550800-02
Os06t0107100-02
AK063538
CI096496
AB059239
Os01t0728100-01
Os06t0513050-01
Os08t0519100-02
AA752151
AK242139
AU097247
Os01t0300900-02
Os01t0728100-02
Os10t0201901-00
Os03t0221500-01
Os01t0734600-01
Os01t0734600-02
Os12t0270900-01
Os07t0161900-00
CI547924
Os01t0385400-02
AK106022
Os02t0816200-01
Os03t0221500-02
CI386208
Os03t0663400-03
AU032614
Os02t0157400-01
AK061204
NM_001185375
Os05t0215000-02
NM_001063020
CI123333
Os10t0556100-01
AK102743
AF247163
Os10t0446300-00
Os01t0652100-01
